[2024-01-15 10:30:01] Starting CI pipeline #452
[2024-01-15 10:30:02] Checking out repository: main branch
[2024-01-15 10:30:05] Fetching dependencies...
[2024-01-15 10:30:15] Downloading go modules...
[2024-01-15 10:30:45] Dependencies resolved successfully
[2024-01-15 10:30:46] Running lint checks...
[2024-01-15 10:31:02] Lint: no issues found
[2024-01-15 10:31:03] Running unit tests...
[2024-01-15 10:31:30] --- PASS: TestUserLogin (0.12s)
[2024-01-15 10:31:30] --- PASS: TestUserRegistration (0.15s)
[2024-01-15 10:31:30] --- PASS: TestDatabaseConnection (0.08s)
[2024-01-15 10:31:31] All tests passed (128 tests, 0 failures)
[2024-01-15 10:31:32] Building application...
[2024-01-15 10:32:15] Compiling 235 source files...
[2024-01-15 10:33:45] Build artifacts generated: dist/app-v1.2.3
[2024-01-15 10:33:46] Running integration tests...
[2024-01-15 10:34:20] Integration tests completed successfully
[2024-01-15 10:34:21] Packaging docker image...
[2024-01-15 10:35:00] Docker image built: myapp:1.2.3
[2024-01-15 10:35:01] Pushing to registry...
[2024-01-15 10:35:30] Deploying to staging environment...
[2024-01-15 10:36:00] Health check passed
[2024-01-15 10:36:01] ✅ Build completed successfully
[2024-01-15 10:36:01] Pipeline finished with exit code 0
